<?xml version="1.0" encoding="UTF-8"?>
<!-- Generated by org.testng.reporters.JUnitReportReporter -->
<testsuite hostname="LAPTOP-PPUC8LJE" failures="0" tests="1" name="Scripts.TestCase1" time="10.023" errors="0" timestamp="2023-09-06T20:48:45 IST" skipped="0">
  <testcase classname="Scripts.TestCase1" name="tc1" time="10.023"/>
</testsuite> <!-- Scripts.TestCase1 -->
